c:\users\coren\documents\polytech\et3\infographic\cube-run\cube_build\opengl_program.dir\debug\vc143.pdb
c:\users\coren\documents\polytech\et3\infographic\cube-run\cube_build\opengl_program.dir\debug\camera.obj
c:\users\coren\documents\polytech\et3\infographic\cube-run\cube_build\opengl_program.dir\debug\texture_cube.obj
c:\users\coren\documents\polytech\et3\infographic\cube-run\cube_build\opengl_program.dir\debug\cube.obj
c:\users\coren\documents\polytech\et3\infographic\cube-run\cube_build\opengl_program.dir\debug\lighting_sphere.obj
c:\users\coren\documents\polytech\et3\infographic\cube-run\cube_build\opengl_program.dir\debug\textured_sphere.obj
c:\users\coren\documents\polytech\et3\infographic\cube-run\cube_build\opengl_program.dir\debug\texture.obj
c:\users\coren\documents\polytech\et3\infographic\cube-run\cube_build\opengl_program.dir\debug\sphere.obj
c:\users\coren\documents\polytech\et3\infographic\cube-run\cube_build\opengl_program.dir\debug\cylinder.obj
c:\users\coren\documents\polytech\et3\infographic\cube-run\cube_build\opengl_program.dir\debug\pyramid.obj
c:\users\coren\documents\polytech\et3\infographic\cube-run\cube_build\opengl_program.dir\debug\triangle.obj
c:\users\coren\documents\polytech\et3\infographic\cube-run\cube_build\opengl_program.dir\debug\viewer.obj
c:\users\coren\documents\polytech\et3\infographic\cube-run\cube_build\opengl_program.dir\debug\shader.obj
c:\users\coren\documents\polytech\et3\infographic\cube-run\cube_build\opengl_program.dir\debug\shape.obj
c:\users\coren\documents\polytech\et3\infographic\cube-run\cube_build\opengl_program.dir\debug\node.obj
c:\users\coren\documents\polytech\et3\infographic\cube-run\cube_build\opengl_program.dir\debug\main.obj
c:\users\coren\documents\polytech\et3\infographic\cube-run\cube_build\cmakefiles\generate.stamp
c:\users\coren\documents\polytech\et3\infographic\cube-run\cube_build\debug\opengl_program.exe
c:\users\coren\documents\polytech\et3\infographic\cube-run\cube_build\debug\opengl_program.pdb
c:\users\coren\documents\polytech\et3\infographic\cube-run\cube_build\opengl_program.dir\debug\opengl_program.ilk
c:\users\coren\documents\polytech\et3\infographic\cube-run\cube_build\opengl_program.dir\debug\opengl_program.tlog\cl.command.1.tlog
c:\users\coren\documents\polytech\et3\infographic\cube-run\cube_build\opengl_program.dir\debug\opengl_program.tlog\cl.items.tlog
c:\users\coren\documents\polytech\et3\infographic\cube-run\cube_build\opengl_program.dir\debug\opengl_program.tlog\cl.read.1.tlog
c:\users\coren\documents\polytech\et3\infographic\cube-run\cube_build\opengl_program.dir\debug\opengl_program.tlog\cl.write.1.tlog
c:\users\coren\documents\polytech\et3\infographic\cube-run\cube_build\opengl_program.dir\debug\opengl_program.tlog\custombuild.command.1.tlog
c:\users\coren\documents\polytech\et3\infographic\cube-run\cube_build\opengl_program.dir\debug\opengl_program.tlog\custombuild.read.1.tlog
c:\users\coren\documents\polytech\et3\infographic\cube-run\cube_build\opengl_program.dir\debug\opengl_program.tlog\custombuild.write.1.tlog
c:\users\coren\documents\polytech\et3\infographic\cube-run\cube_build\opengl_program.dir\debug\opengl_program.tlog\link.command.1.tlog
c:\users\coren\documents\polytech\et3\infographic\cube-run\cube_build\opengl_program.dir\debug\opengl_program.tlog\link.read.1.tlog
c:\users\coren\documents\polytech\et3\infographic\cube-run\cube_build\opengl_program.dir\debug\opengl_program.tlog\link.secondary.1.tlog
c:\users\coren\documents\polytech\et3\infographic\cube-run\cube_build\opengl_program.dir\debug\opengl_program.tlog\link.write.1.tlog
